1653600665246	geckodriver	INFO	Listening on 127.0.0.1:51741
1653600665257	mozrunner::runner	INFO	Running command: "/usr/bin/firefox" "--marionette" "--remote-debugging-port" "32829" "--remote-allow-hosts" "localhost" "-no-remote" "-profile" "/tmp/rust_mozprofilePuMueV"
ATTENTION: default value of option mesa_glthread overridden by environment.
1653600666788	Marionette	INFO	Marionette enabled
console.warn: SearchSettings: "get: No settings file exists, new profile?" (new NotFoundError("Could not open the file at /tmp/rust_mozprofilePuMueV/search.json.mozlz4", (void 0)))
DevTools listening on ws://localhost:32829/devtools/browser/421cf58d-573c-4f4c-9a75-5d11b71387a9
1653600668815	Marionette	INFO	Listening on port 36419
Read port: 36419
1653600668899	RemoteAgent	WARN	TLS certificate errors will be ignored for this session
JavaScript error: https://www.google.com/jsapi?autoload={%27modules%27:[{%27name%27:%27visualization%27,%27version%27:%271%27,%27packages%27:[%27corechart%27]}]}, line 144: Error: Autoload failed with: SyntaxError: JSON.parse: expected property name or '}' at line 1 column 2 of the JSON data
JavaScript warning: http://localhost:3000/socket.io/socket.io.js, line 0: http://localhost:3000/socket.io/socket.io.js is being assigned a //# sourceMappingURL, but already has one
Exiting due to channel error.
Exiting due to channel error.
Exiting due to channel error.
1653601038079	geckodriver	INFO	Listening on 127.0.0.1:52277
1653601038083	mozrunner::runner	INFO	Running command: "/usr/bin/firefox" "--marionette" "--remote-debugging-port" "60855" "--remote-allow-hosts" "localhost" "-no-remote" "-profile" "/tmp/rust_mozprofilejXr2S4"
ATTENTION: default value of option mesa_glthread overridden by environment.
1653601039401	Marionette	INFO	Marionette enabled
console.warn: SearchSettings: "get: No settings file exists, new profile?" (new NotFoundError("Could not open the file at /tmp/rust_mozprofilejXr2S4/search.json.mozlz4", (void 0)))
DevTools listening on ws://localhost:60855/devtools/browser/059b679a-20d2-4dee-9e59-f3e1443c9c95
1653601041097	Marionette	INFO	Listening on port 44239
Read port: 44239
1653601041216	RemoteAgent	WARN	TLS certificate errors will be ignored for this session
JavaScript error: https://www.google.com/jsapi?autoload={%27modules%27:[{%27name%27:%27visualization%27,%27version%27:%271%27,%27packages%27:[%27corechart%27]}]}, line 144: Error: Autoload failed with: SyntaxError: JSON.parse: expected property name or '}' at line 1 column 2 of the JSON data
JavaScript warning: http://localhost:3000/socket.io/socket.io.js, line 0: http://localhost:3000/socket.io/socket.io.js is being assigned a //# sourceMappingURL, but already has one
Exiting due to channel error.
Exiting due to channel error.
Exiting due to channel error.
